Analysis & Synthesis report for internal_stage_fixed
Sun May  4 22:44:53 2014
Quartus II 32-bit Version 12.1 Build 177 11/07/2012 SJ Full Version


---------------------
; Table of Contents ;
---------------------
  1. Legal Notice
  2. Analysis & Synthesis Summary
  3. Analysis & Synthesis Settings
  4. Parallel Compilation
  5. Analysis & Synthesis Source Files Read
  6. Analysis & Synthesis Resource Usage Summary
  7. Analysis & Synthesis Resource Utilization by Entity
  8. State Machine - |internal_stage_fixed|internal_branch_stage_fixed:b11|internal_stage_fixed_FSM:FSM|cs
  9. State Machine - |internal_stage_fixed|internal_branch_stage_fixed:b10|internal_stage_fixed_FSM:FSM|cs
 10. State Machine - |internal_stage_fixed|internal_branch_stage_fixed:b01|internal_stage_fixed_FSM:FSM|cs
 11. State Machine - |internal_stage_fixed|internal_branch_stage_fixed:b00|internal_stage_fixed_FSM:FSM|cs
 12. Registers Removed During Synthesis
 13. General Register Statistics
 14. Multiplexer Restructuring Statistics (Restructuring Performed)
 15. Parameter Settings for User Entity Instance: Top-level Entity: |internal_stage_fixed
 16. Parameter Settings for User Entity Instance: internal_branch_stage_fixed:b00
 17. Parameter Settings for User Entity Instance: internal_branch_stage_fixed:b00|register:botRecReg
 18. Parameter Settings for User Entity Instance: internal_branch_stage_fixed:b00|register:rgtRecReg
 19. Parameter Settings for User Entity Instance: internal_branch_stage_fixed:b00|register:sampReg
 20. Parameter Settings for User Entity Instance: internal_branch_stage_fixed:b00|register:idxReg
 21. Parameter Settings for User Entity Instance: internal_branch_stage_fixed:b00|register:sampIdxReg
 22. Parameter Settings for User Entity Instance: internal_branch_stage_fixed:b00|register:threshReg
 23. Parameter Settings for User Entity Instance: internal_branch_stage_fixed:b01
 24. Parameter Settings for User Entity Instance: internal_branch_stage_fixed:b01|register:botRecReg
 25. Parameter Settings for User Entity Instance: internal_branch_stage_fixed:b01|register:rgtRecReg
 26. Parameter Settings for User Entity Instance: internal_branch_stage_fixed:b01|register:sampReg
 27. Parameter Settings for User Entity Instance: internal_branch_stage_fixed:b01|register:idxReg
 28. Parameter Settings for User Entity Instance: internal_branch_stage_fixed:b01|register:sampIdxReg
 29. Parameter Settings for User Entity Instance: internal_branch_stage_fixed:b01|register:threshReg
 30. Parameter Settings for User Entity Instance: internal_branch_stage_fixed:b10
 31. Parameter Settings for User Entity Instance: internal_branch_stage_fixed:b10|register:botRecReg
 32. Parameter Settings for User Entity Instance: internal_branch_stage_fixed:b10|register:rgtRecReg
 33. Parameter Settings for User Entity Instance: internal_branch_stage_fixed:b10|register:sampReg
 34. Parameter Settings for User Entity Instance: internal_branch_stage_fixed:b10|register:idxReg
 35. Parameter Settings for User Entity Instance: internal_branch_stage_fixed:b10|register:sampIdxReg
 36. Parameter Settings for User Entity Instance: internal_branch_stage_fixed:b10|register:threshReg
 37. Parameter Settings for User Entity Instance: internal_branch_stage_fixed:b11
 38. Parameter Settings for User Entity Instance: internal_branch_stage_fixed:b11|register:botRecReg
 39. Parameter Settings for User Entity Instance: internal_branch_stage_fixed:b11|register:rgtRecReg
 40. Parameter Settings for User Entity Instance: internal_branch_stage_fixed:b11|register:sampReg
 41. Parameter Settings for User Entity Instance: internal_branch_stage_fixed:b11|register:idxReg
 42. Parameter Settings for User Entity Instance: internal_branch_stage_fixed:b11|register:sampIdxReg
 43. Parameter Settings for User Entity Instance: internal_branch_stage_fixed:b11|register:threshReg
 44. Port Connectivity Checks: "internal_branch_stage_fixed:b00|register:idxReg"
 45. Elapsed Time Per Partition
 46. Analysis & Synthesis Messages
 47. Analysis & Synthesis Suppressed Messages



----------------
; Legal Notice ;
----------------
Copyright (C) 1991-2012 Altera Corporation
Your use of Altera Corporation's design tools, logic functions 
and other software and tools, and its AMPP partner logic 
functions, and any output files from any of the foregoing 
(including device programming or simulation files), and any 
associated documentation or information are expressly subject 
to the terms and conditions of the Altera Program License 
Subscription Agreement, Altera MegaCore Function License 
Agreement, or other applicable license agreement, including, 
without limitation, that your use is for the sole purpose of 
programming logic devices manufactured by Altera and sold by 
Altera or its authorized distributors.  Please refer to the 
applicable agreement for further details.



+--------------------------------------------------------------------------------+
; Analysis & Synthesis Summary                                                   ;
+------------------------------------+-------------------------------------------+
; Analysis & Synthesis Status        ; Successful - Sun May  4 22:44:53 2014     ;
; Quartus II 32-bit Version          ; 12.1 Build 177 11/07/2012 SJ Full Version ;
; Revision Name                      ; internal_stage_fixed                      ;
; Top-level Entity Name              ; internal_stage_fixed                      ;
; Family                             ; Cyclone IV E                              ;
; Total logic elements               ; 1,075                                     ;
;     Total combinational functions  ; 409                                       ;
;     Dedicated logic registers      ; 676                                       ;
; Total registers                    ; 676                                       ;
; Total pins                         ; 827                                       ;
; Total virtual pins                 ; 0                                         ;
; Total memory bits                  ; 0                                         ;
; Embedded Multiplier 9-bit elements ; 0                                         ;
; Total PLLs                         ; 0                                         ;
+------------------------------------+-------------------------------------------+


+--------------------------------------------------------------------------------------------------------------------------+
; Analysis & Synthesis Settings                                                                                            ;
+----------------------------------------------------------------------------+----------------------+----------------------+
; Option                                                                     ; Setting              ; Default Value        ;
+----------------------------------------------------------------------------+----------------------+----------------------+
; Device                                                                     ; EP4CE115F29C7        ;                      ;
; Top-level entity name                                                      ; internal_stage_fixed ; internal_stage_fixed ;
; Family name                                                                ; Cyclone IV E         ; Cyclone IV GX        ;
; Use smart compilation                                                      ; Off                  ; Off                  ;
; Enable parallel Assembler and TimeQuest Timing Analyzer during compilation ; On                   ; On                   ;
; Enable compact report table                                                ; Off                  ; Off                  ;
; Restructure Multiplexers                                                   ; Auto                 ; Auto                 ;
; Create Debugging Nodes for IP Cores                                        ; Off                  ; Off                  ;
; Preserve fewer node names                                                  ; On                   ; On                   ;
; Disable OpenCore Plus hardware evaluation                                  ; Off                  ; Off                  ;
; Verilog Version                                                            ; Verilog_2001         ; Verilog_2001         ;
; VHDL Version                                                               ; VHDL_1993            ; VHDL_1993            ;
; State Machine Processing                                                   ; Auto                 ; Auto                 ;
; Safe State Machine                                                         ; Off                  ; Off                  ;
; Extract Verilog State Machines                                             ; On                   ; On                   ;
; Extract VHDL State Machines                                                ; On                   ; On                   ;
; Ignore Verilog initial constructs                                          ; Off                  ; Off                  ;
; Iteration limit for constant Verilog loops                                 ; 5000                 ; 5000                 ;
; Iteration limit for non-constant Verilog loops                             ; 250                  ; 250                  ;
; Add Pass-Through Logic to Inferred RAMs                                    ; On                   ; On                   ;
; Infer RAMs from Raw Logic                                                  ; On                   ; On                   ;
; Parallel Synthesis                                                         ; On                   ; On                   ;
; DSP Block Balancing                                                        ; Auto                 ; Auto                 ;
; NOT Gate Push-Back                                                         ; On                   ; On                   ;
; Power-Up Don't Care                                                        ; On                   ; On                   ;
; Remove Redundant Logic Cells                                               ; Off                  ; Off                  ;
; Remove Duplicate Registers                                                 ; On                   ; On                   ;
; Ignore CARRY Buffers                                                       ; Off                  ; Off                  ;
; Ignore CASCADE Buffers                                                     ; Off                  ; Off                  ;
; Ignore GLOBAL Buffers                                                      ; Off                  ; Off                  ;
; Ignore ROW GLOBAL Buffers                                                  ; Off                  ; Off                  ;
; Ignore LCELL Buffers                                                       ; Off                  ; Off                  ;
; Ignore SOFT Buffers                                                        ; On                   ; On                   ;
; Limit AHDL Integers to 32 Bits                                             ; Off                  ; Off                  ;
; Optimization Technique                                                     ; Balanced             ; Balanced             ;
; Carry Chain Length                                                         ; 70                   ; 70                   ;
; Auto Carry Chains                                                          ; On                   ; On                   ;
; Auto Open-Drain Pins                                                       ; On                   ; On                   ;
; Perform WYSIWYG Primitive Resynthesis                                      ; Off                  ; Off                  ;
; Auto ROM Replacement                                                       ; On                   ; On                   ;
; Auto RAM Replacement                                                       ; On                   ; On                   ;
; Auto DSP Block Replacement                                                 ; On                   ; On                   ;
; Auto Shift Register Replacement                                            ; Auto                 ; Auto                 ;
; Allow Shift Register Merging across Hierarchies                            ; Auto                 ; Auto                 ;
; Auto Clock Enable Replacement                                              ; On                   ; On                   ;
; Strict RAM Replacement                                                     ; Off                  ; Off                  ;
; Allow Synchronous Control Signals                                          ; On                   ; On                   ;
; Force Use of Synchronous Clear Signals                                     ; Off                  ; Off                  ;
; Auto RAM Block Balancing                                                   ; On                   ; On                   ;
; Auto RAM to Logic Cell Conversion                                          ; Off                  ; Off                  ;
; Auto Resource Sharing                                                      ; Off                  ; Off                  ;
; Allow Any RAM Size For Recognition                                         ; Off                  ; Off                  ;
; Allow Any ROM Size For Recognition                                         ; Off                  ; Off                  ;
; Allow Any Shift Register Size For Recognition                              ; Off                  ; Off                  ;
; Use LogicLock Constraints during Resource Balancing                        ; On                   ; On                   ;
; Ignore translate_off and synthesis_off directives                          ; Off                  ; Off                  ;
; Timing-Driven Synthesis                                                    ; On                   ; On                   ;
; Report Parameter Settings                                                  ; On                   ; On                   ;
; Report Source Assignments                                                  ; On                   ; On                   ;
; Report Connectivity Checks                                                 ; On                   ; On                   ;
; Ignore Maximum Fan-Out Assignments                                         ; Off                  ; Off                  ;
; Synchronization Register Chain Length                                      ; 2                    ; 2                    ;
; PowerPlay Power Optimization                                               ; Normal compilation   ; Normal compilation   ;
; HDL message level                                                          ; Level2               ; Level2               ;
; Suppress Register Optimization Related Messages                            ; Off                  ; Off                  ;
; Number of Removed Registers Reported in Synthesis Report                   ; 5000                 ; 5000                 ;
; Number of Swept Nodes Reported in Synthesis Report                         ; 5000                 ; 5000                 ;
; Number of Inverted Registers Reported in Synthesis Report                  ; 100                  ; 100                  ;
; Clock MUX Protection                                                       ; On                   ; On                   ;
; Auto Gated Clock Conversion                                                ; Off                  ; Off                  ;
; Block Design Naming                                                        ; Auto                 ; Auto                 ;
; SDC constraint protection                                                  ; Off                  ; Off                  ;
; Synthesis Effort                                                           ; Auto                 ; Auto                 ;
; Shift Register Replacement - Allow Asynchronous Clear Signal               ; On                   ; On                   ;
; Pre-Mapping Resynthesis Optimization                                       ; Off                  ; Off                  ;
; Analysis & Synthesis Message Level                                         ; Medium               ; Medium               ;
; Disable Register Merging Across Hierarchies                                ; Auto                 ; Auto                 ;
; Resource Aware Inference For Block RAM                                     ; On                   ; On                   ;
; Synthesis Seed                                                             ; 1                    ; 1                    ;
+----------------------------------------------------------------------------+----------------------+----------------------+


+------------------------------------------+
; Parallel Compilation                     ;
+----------------------------+-------------+
; Processors                 ; Number      ;
+----------------------------+-------------+
; Number detected on machine ; 8           ;
; Maximum allowed            ; 4           ;
;                            ;             ;
; Average used               ; 1.00        ;
; Maximum used               ; 1           ;
;                            ;             ;
; Usage by Processor         ; % Time Used ;
;     1 processor            ; 100.0%      ;
;     2-8 processors         ;   0.0%      ;
+----------------------------+-------------+


+------------------------------------------------------------------------------------------------------------------------------------------------------------------------------------------+
; Analysis & Synthesis Source Files Read                                                                                                                                                   ;
+----------------------------------+-----------------+------------------------------+--------------------------------------------------------------------------------------------+---------+
; File Name with User-Entered Path ; Used in Netlist ; File Type                    ; File Name with Absolute Path                                                               ; Library ;
+----------------------------------+-----------------+------------------------------+--------------------------------------------------------------------------------------------+---------+
; grids/2x2_Grid.sv                ; yes             ; User SystemVerilog HDL File  ; /afs/ece.cmu.edu/usr/vrkrishn/Private/class/15418/FinalProject/grids/2x2_Grid.sv           ;         ;
; src/internal_stage_fixed.sv      ; yes             ; User SystemVerilog HDL File  ; /afs/ece.cmu.edu/usr/vrkrishn/Private/class/15418/FinalProject/src/internal_stage_fixed.sv ;         ;
; src/utility.sv                   ; yes             ; User SystemVerilog HDL File  ; /afs/ece.cmu.edu/usr/vrkrishn/Private/class/15418/FinalProject/src/utility.sv              ;         ;
+----------------------------------+-----------------+------------------------------+--------------------------------------------------------------------------------------------+---------+


+-----------------------------------------------------+
; Analysis & Synthesis Resource Usage Summary         ;
+---------------------------------------------+-------+
; Resource                                    ; Usage ;
+---------------------------------------------+-------+
; Estimated Total logic elements              ; 1,075 ;
;                                             ;       ;
; Total combinational functions               ; 409   ;
; Logic element usage by number of LUT inputs ;       ;
;     -- 4 input functions                    ; 260   ;
;     -- 3 input functions                    ; 132   ;
;     -- <=2 input functions                  ; 17    ;
;                                             ;       ;
; Logic elements by mode                      ;       ;
;     -- normal mode                          ; 285   ;
;     -- arithmetic mode                      ; 124   ;
;                                             ;       ;
; Total registers                             ; 676   ;
;     -- Dedicated logic registers            ; 676   ;
;     -- I/O registers                        ; 0     ;
;                                             ;       ;
; I/O pins                                    ; 827   ;
; Embedded Multiplier 9-bit elements          ; 0     ;
; Maximum fan-out                             ; 676   ;
; Total fan-out                               ; 5282  ;
; Average fan-out                             ; 1.93  ;
+---------------------------------------------+-------+


+------------------------------------------------------------------------------------------------------------------------------------------------------------------------------------------------------------------------------------------------------+
; Analysis & Synthesis Resource Utilization by Entity                                                                                                                                                                                                  ;
+--------------------------------------+-------------------+--------------+-------------+--------------+---------+-----------+------+--------------+------------------------------------------------------------------------------------+--------------+
; Compilation Hierarchy Node           ; LC Combinationals ; LC Registers ; Memory Bits ; DSP Elements ; DSP 9x9 ; DSP 18x18 ; Pins ; Virtual Pins ; Full Hierarchy Name                                                                ; Library Name ;
+--------------------------------------+-------------------+--------------+-------------+--------------+---------+-----------+------+--------------+------------------------------------------------------------------------------------+--------------+
; |internal_stage_fixed                ; 409 (0)           ; 676 (0)      ; 0           ; 0            ; 0       ; 0         ; 827  ; 0            ; |internal_stage_fixed                                                              ;              ;
;    |internal_branch_stage_fixed:b00| ; 100 (97)          ; 169 (0)      ; 0           ; 0            ; 0       ; 0         ; 0    ; 0            ; |internal_stage_fixed|internal_branch_stage_fixed:b00                              ;              ;
;       |internal_stage_fixed_FSM:FSM| ; 3 (3)             ; 1 (1)        ; 0           ; 0            ; 0       ; 0         ; 0    ; 0            ; |internal_stage_fixed|internal_branch_stage_fixed:b00|internal_stage_fixed_FSM:FSM ;              ;
;       |register:botRecReg|           ; 0 (0)             ; 1 (1)        ; 0           ; 0            ; 0       ; 0         ; 0    ; 0            ; |internal_stage_fixed|internal_branch_stage_fixed:b00|register:botRecReg           ;              ;
;       |register:idxReg|              ; 0 (0)             ; 4 (4)        ; 0           ; 0            ; 0       ; 0         ; 0    ; 0            ; |internal_stage_fixed|internal_branch_stage_fixed:b00|register:idxReg              ;              ;
;       |register:rgtRecReg|           ; 0 (0)             ; 1 (1)        ; 0           ; 0            ; 0       ; 0         ; 0    ; 0            ; |internal_stage_fixed|internal_branch_stage_fixed:b00|register:rgtRecReg           ;              ;
;       |register:sampIdxReg|          ; 0 (0)             ; 2 (2)        ; 0           ; 0            ; 0       ; 0         ; 0    ; 0            ; |internal_stage_fixed|internal_branch_stage_fixed:b00|register:sampIdxReg          ;              ;
;       |register:sampReg|             ; 0 (0)             ; 128 (128)    ; 0           ; 0            ; 0       ; 0         ; 0    ; 0            ; |internal_stage_fixed|internal_branch_stage_fixed:b00|register:sampReg             ;              ;
;       |register:threshReg|           ; 0 (0)             ; 32 (32)      ; 0           ; 0            ; 0       ; 0         ; 0    ; 0            ; |internal_stage_fixed|internal_branch_stage_fixed:b00|register:threshReg           ;              ;
;    |internal_branch_stage_fixed:b01| ; 102 (98)          ; 169 (0)      ; 0           ; 0            ; 0       ; 0         ; 0    ; 0            ; |internal_stage_fixed|internal_branch_stage_fixed:b01                              ;              ;
;       |internal_stage_fixed_FSM:FSM| ; 3 (3)             ; 1 (1)        ; 0           ; 0            ; 0       ; 0         ; 0    ; 0            ; |internal_stage_fixed|internal_branch_stage_fixed:b01|internal_stage_fixed_FSM:FSM ;              ;
;       |register:botRecReg|           ; 0 (0)             ; 1 (1)        ; 0           ; 0            ; 0       ; 0         ; 0    ; 0            ; |internal_stage_fixed|internal_branch_stage_fixed:b01|register:botRecReg           ;              ;
;       |register:idxReg|              ; 0 (0)             ; 4 (4)        ; 0           ; 0            ; 0       ; 0         ; 0    ; 0            ; |internal_stage_fixed|internal_branch_stage_fixed:b01|register:idxReg              ;              ;
;       |register:rgtRecReg|           ; 1 (1)             ; 1 (1)        ; 0           ; 0            ; 0       ; 0         ; 0    ; 0            ; |internal_stage_fixed|internal_branch_stage_fixed:b01|register:rgtRecReg           ;              ;
;       |register:sampIdxReg|          ; 0 (0)             ; 2 (2)        ; 0           ; 0            ; 0       ; 0         ; 0    ; 0            ; |internal_stage_fixed|internal_branch_stage_fixed:b01|register:sampIdxReg          ;              ;
;       |register:sampReg|             ; 0 (0)             ; 128 (128)    ; 0           ; 0            ; 0       ; 0         ; 0    ; 0            ; |internal_stage_fixed|internal_branch_stage_fixed:b01|register:sampReg             ;              ;
;       |register:threshReg|           ; 0 (0)             ; 32 (32)      ; 0           ; 0            ; 0       ; 0         ; 0    ; 0            ; |internal_stage_fixed|internal_branch_stage_fixed:b01|register:threshReg           ;              ;
;    |internal_branch_stage_fixed:b10| ; 102 (98)          ; 169 (0)      ; 0           ; 0            ; 0       ; 0         ; 0    ; 0            ; |internal_stage_fixed|internal_branch_stage_fixed:b10                              ;              ;
;       |internal_stage_fixed_FSM:FSM| ; 3 (3)             ; 1 (1)        ; 0           ; 0            ; 0       ; 0         ; 0    ; 0            ; |internal_stage_fixed|internal_branch_stage_fixed:b10|internal_stage_fixed_FSM:FSM ;              ;
;       |register:botRecReg|           ; 1 (1)             ; 1 (1)        ; 0           ; 0            ; 0       ; 0         ; 0    ; 0            ; |internal_stage_fixed|internal_branch_stage_fixed:b10|register:botRecReg           ;              ;
;       |register:idxReg|              ; 0 (0)             ; 4 (4)        ; 0           ; 0            ; 0       ; 0         ; 0    ; 0            ; |internal_stage_fixed|internal_branch_stage_fixed:b10|register:idxReg              ;              ;
;       |register:rgtRecReg|           ; 0 (0)             ; 1 (1)        ; 0           ; 0            ; 0       ; 0         ; 0    ; 0            ; |internal_stage_fixed|internal_branch_stage_fixed:b10|register:rgtRecReg           ;              ;
;       |register:sampIdxReg|          ; 0 (0)             ; 2 (2)        ; 0           ; 0            ; 0       ; 0         ; 0    ; 0            ; |internal_stage_fixed|internal_branch_stage_fixed:b10|register:sampIdxReg          ;              ;
;       |register:sampReg|             ; 0 (0)             ; 128 (128)    ; 0           ; 0            ; 0       ; 0         ; 0    ; 0            ; |internal_stage_fixed|internal_branch_stage_fixed:b10|register:sampReg             ;              ;
;       |register:threshReg|           ; 0 (0)             ; 32 (32)      ; 0           ; 0            ; 0       ; 0         ; 0    ; 0            ; |internal_stage_fixed|internal_branch_stage_fixed:b10|register:threshReg           ;              ;
;    |internal_branch_stage_fixed:b11| ; 105 (99)          ; 169 (0)      ; 0           ; 0            ; 0       ; 0         ; 0    ; 0            ; |internal_stage_fixed|internal_branch_stage_fixed:b11                              ;              ;
;       |internal_stage_fixed_FSM:FSM| ; 4 (4)             ; 1 (1)        ; 0           ; 0            ; 0       ; 0         ; 0    ; 0            ; |internal_stage_fixed|internal_branch_stage_fixed:b11|internal_stage_fixed_FSM:FSM ;              ;
;       |register:botRecReg|           ; 1 (1)             ; 1 (1)        ; 0           ; 0            ; 0       ; 0         ; 0    ; 0            ; |internal_stage_fixed|internal_branch_stage_fixed:b11|register:botRecReg           ;              ;
;       |register:idxReg|              ; 0 (0)             ; 4 (4)        ; 0           ; 0            ; 0       ; 0         ; 0    ; 0            ; |internal_stage_fixed|internal_branch_stage_fixed:b11|register:idxReg              ;              ;
;       |register:rgtRecReg|           ; 1 (1)             ; 1 (1)        ; 0           ; 0            ; 0       ; 0         ; 0    ; 0            ; |internal_stage_fixed|internal_branch_stage_fixed:b11|register:rgtRecReg           ;              ;
;       |register:sampIdxReg|          ; 0 (0)             ; 2 (2)        ; 0           ; 0            ; 0       ; 0         ; 0    ; 0            ; |internal_stage_fixed|internal_branch_stage_fixed:b11|register:sampIdxReg          ;              ;
;       |register:sampReg|             ; 0 (0)             ; 128 (128)    ; 0           ; 0            ; 0       ; 0         ; 0    ; 0            ; |internal_stage_fixed|internal_branch_stage_fixed:b11|register:sampReg             ;              ;
;       |register:threshReg|           ; 0 (0)             ; 32 (32)      ; 0           ; 0            ; 0       ; 0         ; 0    ; 0            ; |internal_stage_fixed|internal_branch_stage_fixed:b11|register:threshReg           ;              ;
+--------------------------------------+-------------------+--------------+-------------+--------------+---------+-----------+------+--------------+------------------------------------------------------------------------------------+--------------+
Note: For table entries with two numbers listed, the numbers in parentheses indicate the number of resources of the given type used by the specific entity alone. The numbers listed outside of parentheses indicate the total resources of the given type used by the specific entity and all of its sub-entities in the hierarchy.


Encoding Type:  One-Hot
+-------------------------------------------------------------------------------------------------------+
; State Machine - |internal_stage_fixed|internal_branch_stage_fixed:b11|internal_stage_fixed_FSM:FSM|cs ;
+------------+------------------------------------------------------------------------------------------+
; Name       ; cs.COMPUTE                                                                               ;
+------------+------------------------------------------------------------------------------------------+
; cs.INITIAL ; 0                                                                                        ;
; cs.COMPUTE ; 1                                                                                        ;
+------------+------------------------------------------------------------------------------------------+


Encoding Type:  One-Hot
+-------------------------------------------------------------------------------------------------------+
; State Machine - |internal_stage_fixed|internal_branch_stage_fixed:b10|internal_stage_fixed_FSM:FSM|cs ;
+------------+------------------------------------------------------------------------------------------+
; Name       ; cs.COMPUTE                                                                               ;
+------------+------------------------------------------------------------------------------------------+
; cs.INITIAL ; 0                                                                                        ;
; cs.COMPUTE ; 1                                                                                        ;
+------------+------------------------------------------------------------------------------------------+


Encoding Type:  One-Hot
+-------------------------------------------------------------------------------------------------------+
; State Machine - |internal_stage_fixed|internal_branch_stage_fixed:b01|internal_stage_fixed_FSM:FSM|cs ;
+------------+------------------------------------------------------------------------------------------+
; Name       ; cs.COMPUTE                                                                               ;
+------------+------------------------------------------------------------------------------------------+
; cs.INITIAL ; 0                                                                                        ;
; cs.COMPUTE ; 1                                                                                        ;
+------------+------------------------------------------------------------------------------------------+


Encoding Type:  One-Hot
+-------------------------------------------------------------------------------------------------------+
; State Machine - |internal_stage_fixed|internal_branch_stage_fixed:b00|internal_stage_fixed_FSM:FSM|cs ;
+------------+------------------------------------------------------------------------------------------+
; Name       ; cs.COMPUTE                                                                               ;
+------------+------------------------------------------------------------------------------------------+
; cs.INITIAL ; 0                                                                                        ;
; cs.COMPUTE ; 1                                                                                        ;
+------------+------------------------------------------------------------------------------------------+


+----------------------------------------------------------------------------------------+
; Registers Removed During Synthesis                                                     ;
+-------------------------------------------------------------------+--------------------+
; Register name                                                     ; Reason for Removal ;
+-------------------------------------------------------------------+--------------------+
; internal_branch_stage_fixed:b11|register:sampIdxReg|out[2..31]    ; Lost fanout        ;
; internal_branch_stage_fixed:b10|register:sampIdxReg|out[2..31]    ; Lost fanout        ;
; internal_branch_stage_fixed:b01|register:sampIdxReg|out[2..31]    ; Lost fanout        ;
; internal_branch_stage_fixed:b00|register:sampIdxReg|out[2..31]    ; Lost fanout        ;
; internal_branch_stage_fixed:b11|internal_stage_fixed_FSM:FSM|cs~5 ; Lost fanout        ;
; internal_branch_stage_fixed:b10|internal_stage_fixed_FSM:FSM|cs~5 ; Lost fanout        ;
; internal_branch_stage_fixed:b01|internal_stage_fixed_FSM:FSM|cs~5 ; Lost fanout        ;
; internal_branch_stage_fixed:b00|internal_stage_fixed_FSM:FSM|cs~5 ; Lost fanout        ;
; Total Number of Removed Registers = 124                           ;                    ;
+-------------------------------------------------------------------+--------------------+


+------------------------------------------------------+
; General Register Statistics                          ;
+----------------------------------------------+-------+
; Statistic                                    ; Value ;
+----------------------------------------------+-------+
; Total registers                              ; 676   ;
; Number of registers using Synchronous Clear  ; 0     ;
; Number of registers using Synchronous Load   ; 0     ;
; Number of registers using Asynchronous Clear ; 676   ;
; Number of registers using Asynchronous Load  ; 0     ;
; Number of registers using Clock Enable       ; 668   ;
; Number of registers using Preset             ; 0     ;
+----------------------------------------------+-------+


+-------------------------------------------------------------------------------------------------------------------------------------------------------------------------------------------------------------+
; Multiplexer Restructuring Statistics (Restructuring Performed)                                                                                                                                              ;
+--------------------+-----------+---------------+----------------------+------------------------+------------+-----------------------------------------------------------------------------------------------+
; Multiplexer Inputs ; Bus Width ; Baseline Area ; Area if Restructured ; Saving if Restructured ; Registered ; Example Multiplexer Output                                                                    ;
+--------------------+-----------+---------------+----------------------+------------------------+------------+-----------------------------------------------------------------------------------------------+
; 4:1                ; 32 bits   ; 64 LEs        ; 64 LEs               ; 0 LEs                  ; No         ; |internal_stage_fixed|internal_branch_stage_fixed:b10|Mux0                                    ;
; 4:1                ; 32 bits   ; 64 LEs        ; 64 LEs               ; 0 LEs                  ; No         ; |internal_stage_fixed|internal_branch_stage_fixed:b11|Mux7                                    ;
; 4:1                ; 32 bits   ; 64 LEs        ; 64 LEs               ; 0 LEs                  ; No         ; |internal_stage_fixed|internal_branch_stage_fixed:b00|Mux7                                    ;
; 4:1                ; 32 bits   ; 64 LEs        ; 64 LEs               ; 0 LEs                  ; No         ; |internal_stage_fixed|internal_branch_stage_fixed:b01|Mux7                                    ;
; 3:1                ; 2 bits    ; 4 LEs         ; 4 LEs                ; 0 LEs                  ; No         ; |internal_stage_fixed|internal_branch_stage_fixed:b11|internal_stage_fixed_FSM:FSM|ns.INITIAL ;
; 3:1                ; 2 bits    ; 4 LEs         ; 4 LEs                ; 0 LEs                  ; No         ; |internal_stage_fixed|internal_branch_stage_fixed:b10|internal_stage_fixed_FSM:FSM|ns.INITIAL ;
; 3:1                ; 2 bits    ; 4 LEs         ; 4 LEs                ; 0 LEs                  ; No         ; |internal_stage_fixed|internal_branch_stage_fixed:b01|internal_stage_fixed_FSM:FSM|ns.INITIAL ;
; 3:1                ; 2 bits    ; 4 LEs         ; 4 LEs                ; 0 LEs                  ; No         ; |internal_stage_fixed|internal_branch_stage_fixed:b00|internal_stage_fixed_FSM:FSM|ns.COMPUTE ;
+--------------------+-----------+---------------+----------------------+------------------------+------------+-----------------------------------------------------------------------------------------------+


+--------------------------------------------------------------------------------------+
; Parameter Settings for User Entity Instance: Top-level Entity: |internal_stage_fixed ;
+----------------+-------+-------------------------------------------------------------+
; Parameter Name ; Value ; Type                                                        ;
+----------------+-------+-------------------------------------------------------------+
; DATA_SIZE      ; 32    ; Signed Integer                                              ;
; SAMPLE_SIZE    ; 4     ; Signed Integer                                              ;
; NUM_SAMPLES    ; 4     ; Signed Integer                                              ;
; NUM_NODES      ; 32    ; Signed Integer                                              ;
+----------------+-------+-------------------------------------------------------------+
Note: In order to hide this table in the UI and the text report file, please set the "Show Parameter Settings in Synthesis Report" option in "Analysis and Synthesis Settings -> More Settings" to "Off".


+------------------------------------------------------------------------------+
; Parameter Settings for User Entity Instance: internal_branch_stage_fixed:b00 ;
+----------------+-------+-----------------------------------------------------+
; Parameter Name ; Value ; Type                                                ;
+----------------+-------+-----------------------------------------------------+
; SAMPLE_SIZE    ; 4     ; Signed Integer                                      ;
; NUM_NODES      ; 32    ; Signed Integer                                      ;
; DATA_SIZE      ; 32    ; Signed Integer                                      ;
+----------------+-------+-----------------------------------------------------+
Note: In order to hide this table in the UI and the text report file, please set the "Show Parameter Settings in Synthesis Report" option in "Analysis and Synthesis Settings -> More Settings" to "Off".


+-------------------------------------------------------------------------------------------------+
; Parameter Settings for User Entity Instance: internal_branch_stage_fixed:b00|register:botRecReg ;
+----------------+-------+------------------------------------------------------------------------+
; Parameter Name ; Value ; Type                                                                   ;
+----------------+-------+------------------------------------------------------------------------+
; WIDTH          ; 1     ; Signed Integer                                                         ;
+----------------+-------+------------------------------------------------------------------------+
Note: In order to hide this table in the UI and the text report file, please set the "Show Parameter Settings in Synthesis Report" option in "Analysis and Synthesis Settings -> More Settings" to "Off".


+-------------------------------------------------------------------------------------------------+
; Parameter Settings for User Entity Instance: internal_branch_stage_fixed:b00|register:rgtRecReg ;
+----------------+-------+------------------------------------------------------------------------+
; Parameter Name ; Value ; Type                                                                   ;
+----------------+-------+------------------------------------------------------------------------+
; WIDTH          ; 1     ; Signed Integer                                                         ;
+----------------+-------+------------------------------------------------------------------------+
Note: In order to hide this table in the UI and the text report file, please set the "Show Parameter Settings in Synthesis Report" option in "Analysis and Synthesis Settings -> More Settings" to "Off".


+-----------------------------------------------------------------------------------------------+
; Parameter Settings for User Entity Instance: internal_branch_stage_fixed:b00|register:sampReg ;
+----------------+-------+----------------------------------------------------------------------+
; Parameter Name ; Value ; Type                                                                 ;
+----------------+-------+----------------------------------------------------------------------+
; WIDTH          ; 128   ; Signed Integer                                                       ;
+----------------+-------+----------------------------------------------------------------------+
Note: In order to hide this table in the UI and the text report file, please set the "Show Parameter Settings in Synthesis Report" option in "Analysis and Synthesis Settings -> More Settings" to "Off".


+----------------------------------------------------------------------------------------------+
; Parameter Settings for User Entity Instance: internal_branch_stage_fixed:b00|register:idxReg ;
+----------------+-------+---------------------------------------------------------------------+
; Parameter Name ; Value ; Type                                                                ;
+----------------+-------+---------------------------------------------------------------------+
; WIDTH          ; 5     ; Signed Integer                                                      ;
+----------------+-------+---------------------------------------------------------------------+
Note: In order to hide this table in the UI and the text report file, please set the "Show Parameter Settings in Synthesis Report" option in "Analysis and Synthesis Settings -> More Settings" to "Off".


+--------------------------------------------------------------------------------------------------+
; Parameter Settings for User Entity Instance: internal_branch_stage_fixed:b00|register:sampIdxReg ;
+----------------+-------+-------------------------------------------------------------------------+
; Parameter Name ; Value ; Type                                                                    ;
+----------------+-------+-------------------------------------------------------------------------+
; WIDTH          ; 32    ; Signed Integer                                                          ;
+----------------+-------+-------------------------------------------------------------------------+
Note: In order to hide this table in the UI and the text report file, please set the "Show Parameter Settings in Synthesis Report" option in "Analysis and Synthesis Settings -> More Settings" to "Off".


+-------------------------------------------------------------------------------------------------+
; Parameter Settings for User Entity Instance: internal_branch_stage_fixed:b00|register:threshReg ;
+----------------+-------+------------------------------------------------------------------------+
; Parameter Name ; Value ; Type                                                                   ;
+----------------+-------+------------------------------------------------------------------------+
; WIDTH          ; 32    ; Signed Integer                                                         ;
+----------------+-------+------------------------------------------------------------------------+
Note: In order to hide this table in the UI and the text report file, please set the "Show Parameter Settings in Synthesis Report" option in "Analysis and Synthesis Settings -> More Settings" to "Off".


+------------------------------------------------------------------------------+
; Parameter Settings for User Entity Instance: internal_branch_stage_fixed:b01 ;
+----------------+-------+-----------------------------------------------------+
; Parameter Name ; Value ; Type                                                ;
+----------------+-------+-----------------------------------------------------+
; SAMPLE_SIZE    ; 4     ; Signed Integer                                      ;
; NUM_NODES      ; 32    ; Signed Integer                                      ;
; DATA_SIZE      ; 32    ; Signed Integer                                      ;
+----------------+-------+-----------------------------------------------------+
Note: In order to hide this table in the UI and the text report file, please set the "Show Parameter Settings in Synthesis Report" option in "Analysis and Synthesis Settings -> More Settings" to "Off".


+-------------------------------------------------------------------------------------------------+
; Parameter Settings for User Entity Instance: internal_branch_stage_fixed:b01|register:botRecReg ;
+----------------+-------+------------------------------------------------------------------------+
; Parameter Name ; Value ; Type                                                                   ;
+----------------+-------+------------------------------------------------------------------------+
; WIDTH          ; 1     ; Signed Integer                                                         ;
+----------------+-------+------------------------------------------------------------------------+
Note: In order to hide this table in the UI and the text report file, please set the "Show Parameter Settings in Synthesis Report" option in "Analysis and Synthesis Settings -> More Settings" to "Off".


+-------------------------------------------------------------------------------------------------+
; Parameter Settings for User Entity Instance: internal_branch_stage_fixed:b01|register:rgtRecReg ;
+----------------+-------+------------------------------------------------------------------------+
; Parameter Name ; Value ; Type                                                                   ;
+----------------+-------+------------------------------------------------------------------------+
; WIDTH          ; 1     ; Signed Integer                                                         ;
+----------------+-------+------------------------------------------------------------------------+
Note: In order to hide this table in the UI and the text report file, please set the "Show Parameter Settings in Synthesis Report" option in "Analysis and Synthesis Settings -> More Settings" to "Off".


+-----------------------------------------------------------------------------------------------+
; Parameter Settings for User Entity Instance: internal_branch_stage_fixed:b01|register:sampReg ;
+----------------+-------+----------------------------------------------------------------------+
; Parameter Name ; Value ; Type                                                                 ;
+----------------+-------+----------------------------------------------------------------------+
; WIDTH          ; 128   ; Signed Integer                                                       ;
+----------------+-------+----------------------------------------------------------------------+
Note: In order to hide this table in the UI and the text report file, please set the "Show Parameter Settings in Synthesis Report" option in "Analysis and Synthesis Settings -> More Settings" to "Off".


+----------------------------------------------------------------------------------------------+
; Parameter Settings for User Entity Instance: internal_branch_stage_fixed:b01|register:idxReg ;
+----------------+-------+---------------------------------------------------------------------+
; Parameter Name ; Value ; Type                                                                ;
+----------------+-------+---------------------------------------------------------------------+
; WIDTH          ; 5     ; Signed Integer                                                      ;
+----------------+-------+---------------------------------------------------------------------+
Note: In order to hide this table in the UI and the text report file, please set the "Show Parameter Settings in Synthesis Report" option in "Analysis and Synthesis Settings -> More Settings" to "Off".


+--------------------------------------------------------------------------------------------------+
; Parameter Settings for User Entity Instance: internal_branch_stage_fixed:b01|register:sampIdxReg ;
+----------------+-------+-------------------------------------------------------------------------+
; Parameter Name ; Value ; Type                                                                    ;
+----------------+-------+-------------------------------------------------------------------------+
; WIDTH          ; 32    ; Signed Integer                                                          ;
+----------------+-------+-------------------------------------------------------------------------+
Note: In order to hide this table in the UI and the text report file, please set the "Show Parameter Settings in Synthesis Report" option in "Analysis and Synthesis Settings -> More Settings" to "Off".


+-------------------------------------------------------------------------------------------------+
; Parameter Settings for User Entity Instance: internal_branch_stage_fixed:b01|register:threshReg ;
+----------------+-------+------------------------------------------------------------------------+
; Parameter Name ; Value ; Type                                                                   ;
+----------------+-------+------------------------------------------------------------------------+
; WIDTH          ; 32    ; Signed Integer                                                         ;
+----------------+-------+------------------------------------------------------------------------+
Note: In order to hide this table in the UI and the text report file, please set the "Show Parameter Settings in Synthesis Report" option in "Analysis and Synthesis Settings -> More Settings" to "Off".


+------------------------------------------------------------------------------+
; Parameter Settings for User Entity Instance: internal_branch_stage_fixed:b10 ;
+----------------+-------+-----------------------------------------------------+
; Parameter Name ; Value ; Type                                                ;
+----------------+-------+-----------------------------------------------------+
; SAMPLE_SIZE    ; 4     ; Signed Integer                                      ;
; NUM_NODES      ; 32    ; Signed Integer                                      ;
; DATA_SIZE      ; 32    ; Signed Integer                                      ;
+----------------+-------+-----------------------------------------------------+
Note: In order to hide this table in the UI and the text report file, please set the "Show Parameter Settings in Synthesis Report" option in "Analysis and Synthesis Settings -> More Settings" to "Off".


+-------------------------------------------------------------------------------------------------+
; Parameter Settings for User Entity Instance: internal_branch_stage_fixed:b10|register:botRecReg ;
+----------------+-------+------------------------------------------------------------------------+
; Parameter Name ; Value ; Type                                                                   ;
+----------------+-------+------------------------------------------------------------------------+
; WIDTH          ; 1     ; Signed Integer                                                         ;
+----------------+-------+------------------------------------------------------------------------+
Note: In order to hide this table in the UI and the text report file, please set the "Show Parameter Settings in Synthesis Report" option in "Analysis and Synthesis Settings -> More Settings" to "Off".


+-------------------------------------------------------------------------------------------------+
; Parameter Settings for User Entity Instance: internal_branch_stage_fixed:b10|register:rgtRecReg ;
+----------------+-------+------------------------------------------------------------------------+
; Parameter Name ; Value ; Type                                                                   ;
+----------------+-------+------------------------------------------------------------------------+
; WIDTH          ; 1     ; Signed Integer                                                         ;
+----------------+-------+------------------------------------------------------------------------+
Note: In order to hide this table in the UI and the text report file, please set the "Show Parameter Settings in Synthesis Report" option in "Analysis and Synthesis Settings -> More Settings" to "Off".


+-----------------------------------------------------------------------------------------------+
; Parameter Settings for User Entity Instance: internal_branch_stage_fixed:b10|register:sampReg ;
+----------------+-------+----------------------------------------------------------------------+
; Parameter Name ; Value ; Type                                                                 ;
+----------------+-------+----------------------------------------------------------------------+
; WIDTH          ; 128   ; Signed Integer                                                       ;
+----------------+-------+----------------------------------------------------------------------+
Note: In order to hide this table in the UI and the text report file, please set the "Show Parameter Settings in Synthesis Report" option in "Analysis and Synthesis Settings -> More Settings" to "Off".


+----------------------------------------------------------------------------------------------+
; Parameter Settings for User Entity Instance: internal_branch_stage_fixed:b10|register:idxReg ;
+----------------+-------+---------------------------------------------------------------------+
; Parameter Name ; Value ; Type                                                                ;
+----------------+-------+---------------------------------------------------------------------+
; WIDTH          ; 5     ; Signed Integer                                                      ;
+----------------+-------+---------------------------------------------------------------------+
Note: In order to hide this table in the UI and the text report file, please set the "Show Parameter Settings in Synthesis Report" option in "Analysis and Synthesis Settings -> More Settings" to "Off".


+--------------------------------------------------------------------------------------------------+
; Parameter Settings for User Entity Instance: internal_branch_stage_fixed:b10|register:sampIdxReg ;
+----------------+-------+-------------------------------------------------------------------------+
; Parameter Name ; Value ; Type                                                                    ;
+----------------+-------+-------------------------------------------------------------------------+
; WIDTH          ; 32    ; Signed Integer                                                          ;
+----------------+-------+-------------------------------------------------------------------------+
Note: In order to hide this table in the UI and the text report file, please set the "Show Parameter Settings in Synthesis Report" option in "Analysis and Synthesis Settings -> More Settings" to "Off".


+-------------------------------------------------------------------------------------------------+
; Parameter Settings for User Entity Instance: internal_branch_stage_fixed:b10|register:threshReg ;
+----------------+-------+------------------------------------------------------------------------+
; Parameter Name ; Value ; Type                                                                   ;
+----------------+-------+------------------------------------------------------------------------+
; WIDTH          ; 32    ; Signed Integer                                                         ;
+----------------+-------+------------------------------------------------------------------------+
Note: In order to hide this table in the UI and the text report file, please set the "Show Parameter Settings in Synthesis Report" option in "Analysis and Synthesis Settings -> More Settings" to "Off".


+------------------------------------------------------------------------------+
; Parameter Settings for User Entity Instance: internal_branch_stage_fixed:b11 ;
+----------------+-------+-----------------------------------------------------+
; Parameter Name ; Value ; Type                                                ;
+----------------+-------+-----------------------------------------------------+
; SAMPLE_SIZE    ; 4     ; Signed Integer                                      ;
; NUM_NODES      ; 32    ; Signed Integer                                      ;
; DATA_SIZE      ; 32    ; Signed Integer                                      ;
+----------------+-------+-----------------------------------------------------+
Note: In order to hide this table in the UI and the text report file, please set the "Show Parameter Settings in Synthesis Report" option in "Analysis and Synthesis Settings -> More Settings" to "Off".


+-------------------------------------------------------------------------------------------------+
; Parameter Settings for User Entity Instance: internal_branch_stage_fixed:b11|register:botRecReg ;
+----------------+-------+------------------------------------------------------------------------+
; Parameter Name ; Value ; Type                                                                   ;
+----------------+-------+------------------------------------------------------------------------+
; WIDTH          ; 1     ; Signed Integer                                                         ;
+----------------+-------+------------------------------------------------------------------------+
Note: In order to hide this table in the UI and the text report file, please set the "Show Parameter Settings in Synthesis Report" option in "Analysis and Synthesis Settings -> More Settings" to "Off".


+-------------------------------------------------------------------------------------------------+
; Parameter Settings for User Entity Instance: internal_branch_stage_fixed:b11|register:rgtRecReg ;
+----------------+-------+------------------------------------------------------------------------+
; Parameter Name ; Value ; Type                                                                   ;
+----------------+-------+------------------------------------------------------------------------+
; WIDTH          ; 1     ; Signed Integer                                                         ;
+----------------+-------+------------------------------------------------------------------------+
Note: In order to hide this table in the UI and the text report file, please set the "Show Parameter Settings in Synthesis Report" option in "Analysis and Synthesis Settings -> More Settings" to "Off".


+-----------------------------------------------------------------------------------------------+
; Parameter Settings for User Entity Instance: internal_branch_stage_fixed:b11|register:sampReg ;
+----------------+-------+----------------------------------------------------------------------+
; Parameter Name ; Value ; Type                                                                 ;
+----------------+-------+----------------------------------------------------------------------+
; WIDTH          ; 128   ; Signed Integer                                                       ;
+----------------+-------+----------------------------------------------------------------------+
Note: In order to hide this table in the UI and the text report file, please set the "Show Parameter Settings in Synthesis Report" option in "Analysis and Synthesis Settings -> More Settings" to "Off".


+----------------------------------------------------------------------------------------------+
; Parameter Settings for User Entity Instance: internal_branch_stage_fixed:b11|register:idxReg ;
+----------------+-------+---------------------------------------------------------------------+
; Parameter Name ; Value ; Type                                                                ;
+----------------+-------+---------------------------------------------------------------------+
; WIDTH          ; 5     ; Signed Integer                                                      ;
+----------------+-------+---------------------------------------------------------------------+
Note: In order to hide this table in the UI and the text report file, please set the "Show Parameter Settings in Synthesis Report" option in "Analysis and Synthesis Settings -> More Settings" to "Off".


+--------------------------------------------------------------------------------------------------+
; Parameter Settings for User Entity Instance: internal_branch_stage_fixed:b11|register:sampIdxReg ;
+----------------+-------+-------------------------------------------------------------------------+
; Parameter Name ; Value ; Type                                                                    ;
+----------------+-------+-------------------------------------------------------------------------+
; WIDTH          ; 32    ; Signed Integer                                                          ;
+----------------+-------+-------------------------------------------------------------------------+
Note: In order to hide this table in the UI and the text report file, please set the "Show Parameter Settings in Synthesis Report" option in "Analysis and Synthesis Settings -> More Settings" to "Off".


+-------------------------------------------------------------------------------------------------+
; Parameter Settings for User Entity Instance: internal_branch_stage_fixed:b11|register:threshReg ;
+----------------+-------+------------------------------------------------------------------------+
; Parameter Name ; Value ; Type                                                                   ;
+----------------+-------+------------------------------------------------------------------------+
; WIDTH          ; 32    ; Signed Integer                                                         ;
+----------------+-------+------------------------------------------------------------------------+
Note: In order to hide this table in the UI and the text report file, please set the "Show Parameter Settings in Synthesis Report" option in "Analysis and Synthesis Settings -> More Settings" to "Off".


+------------------------------------------------------------------------------------------------------------------+
; Port Connectivity Checks: "internal_branch_stage_fixed:b00|register:idxReg"                                      ;
+--------+--------+----------+-------------------------------------------------------------------------------------+
; Port   ; Type   ; Severity ; Details                                                                             ;
+--------+--------+----------+-------------------------------------------------------------------------------------+
; out[4] ; Output ; Info     ; Connected to dangling logic. Logic that only feeds a dangling port will be removed. ;
+--------+--------+----------+-------------------------------------------------------------------------------------+


+-------------------------------+
; Elapsed Time Per Partition    ;
+----------------+--------------+
; Partition Name ; Elapsed Time ;
+----------------+--------------+
; Top            ; 00:00:00     ;
+----------------+--------------+


+-------------------------------+
; Analysis & Synthesis Messages ;
+-------------------------------+
Info: *******************************************************************
Info: Running Quartus II 32-bit Analysis & Synthesis
    Info: Version 12.1 Build 177 11/07/2012 SJ Full Version
    Info: Processing started: Sun May  4 22:44:50 2014
Info: Command: quartus_map --read_settings_files=on --write_settings_files=off FinalProject -c internal_stage_fixed
Info (11104): Parallel Compilation has detected 8 hyper-threaded processors. However, the extra hyper-threaded processors will not be used by default. Parallel Compilation will use 4 of the 4 physical processors detected instead.
Info (12021): Found 1 design units, including 1 entities, in source file grids/2x2_Grid.sv
    Info (12023): Found entity 1: internal_stage_fixed
Info (12021): Found 3 design units, including 3 entities, in source file src/internal_stage_fixed.sv
    Info (12023): Found entity 1: internal_stage_fixed_FSM
    Info (12023): Found entity 2: internal_branch_stage_fixed
    Info (12023): Found entity 3: internal_leaf_stage_fixed
Info (12021): Found 9 design units, including 9 entities, in source file src/utility.sv
    Info (12023): Found entity 1: mux8to1
    Info (12023): Found entity 2: mux4to1cool
    Info (12023): Found entity 3: mux32to1
    Info (12023): Found entity 4: demux
    Info (12023): Found entity 5: register
    Info (12023): Found entity 6: incrementor
    Info (12023): Found entity 7: HEXtoSevenSegment
    Info (12023): Found entity 8: SevenSegmentDigit
    Info (12023): Found entity 9: SevenSegmentControl
Warning (10236): Verilog HDL Implicit Net warning at internal_stage_fixed.sv(67): created implicit net for "loadFlags"
Warning (10236): Verilog HDL Implicit Net warning at internal_stage_fixed.sv(67): created implicit net for "clrFlags"
Warning (10236): Verilog HDL Implicit Net warning at internal_stage_fixed.sv(127): created implicit net for "loadFlags"
Warning (10236): Verilog HDL Implicit Net warning at internal_stage_fixed.sv(127): created implicit net for "clrFlags"
Info (12127): Elaborating entity "internal_stage_fixed" for the top level hierarchy
Info (12128): Elaborating entity "internal_branch_stage_fixed" for hierarchy "internal_branch_stage_fixed:b00"
Warning (10230): Verilog HDL assignment warning at internal_stage_fixed.sv(95): truncated value with size 32 to match size of target (5)
Info (12128): Elaborating entity "internal_stage_fixed_FSM" for hierarchy "internal_branch_stage_fixed:b00|internal_stage_fixed_FSM:FSM"
Info (12128): Elaborating entity "register" for hierarchy "internal_branch_stage_fixed:b00|register:botRecReg"
Info (12128): Elaborating entity "register" for hierarchy "internal_branch_stage_fixed:b00|register:sampReg"
Info (12128): Elaborating entity "register" for hierarchy "internal_branch_stage_fixed:b00|register:idxReg"
Info (12128): Elaborating entity "register" for hierarchy "internal_branch_stage_fixed:b00|register:sampIdxReg"
Info (286030): Timing-Driven Synthesis is running
Info (17049): 124 registers lost all their fanouts during netlist optimizations.
Info (144001): Generated suppressed messages file /afs/ece.cmu.edu/usr/vrkrishn/Private/class/15418/FinalProject/output_files/internal_stage_fixed.map.smsg
Info (16010): Generating hard_block partition "hard_block:auto_generated_inst"
    Info (16011): Adding 0 node(s), including 0 DDIO, 0 PLL, 0 transceiver and 0 LCELL
Warning (21074): Design contains 121 input pin(s) that do not drive logic
    Warning (15610): No output dependent on input pin "memBus00[34]"
    Warning (15610): No output dependent on input pin "memBus00[35]"
    Warning (15610): No output dependent on input pin "memBus00[36]"
    Warning (15610): No output dependent on input pin "memBus00[37]"
    Warning (15610): No output dependent on input pin "memBus00[38]"
    Warning (15610): No output dependent on input pin "memBus00[39]"
    Warning (15610): No output dependent on input pin "memBus00[40]"
    Warning (15610): No output dependent on input pin "memBus00[41]"
    Warning (15610): No output dependent on input pin "memBus00[42]"
    Warning (15610): No output dependent on input pin "memBus00[43]"
    Warning (15610): No output dependent on input pin "memBus00[44]"
    Warning (15610): No output dependent on input pin "memBus00[45]"
    Warning (15610): No output dependent on input pin "memBus00[46]"
    Warning (15610): No output dependent on input pin "memBus00[47]"
    Warning (15610): No output dependent on input pin "memBus00[48]"
    Warning (15610): No output dependent on input pin "memBus00[49]"
    Warning (15610): No output dependent on input pin "memBus00[50]"
    Warning (15610): No output dependent on input pin "memBus00[51]"
    Warning (15610): No output dependent on input pin "memBus00[52]"
    Warning (15610): No output dependent on input pin "memBus00[53]"
    Warning (15610): No output dependent on input pin "memBus00[54]"
    Warning (15610): No output dependent on input pin "memBus00[55]"
    Warning (15610): No output dependent on input pin "memBus00[56]"
    Warning (15610): No output dependent on input pin "memBus00[57]"
    Warning (15610): No output dependent on input pin "memBus00[58]"
    Warning (15610): No output dependent on input pin "memBus00[59]"
    Warning (15610): No output dependent on input pin "memBus00[60]"
    Warning (15610): No output dependent on input pin "memBus00[61]"
    Warning (15610): No output dependent on input pin "memBus00[62]"
    Warning (15610): No output dependent on input pin "memBus00[63]"
    Warning (15610): No output dependent on input pin "memBus01[34]"
    Warning (15610): No output dependent on input pin "memBus01[35]"
    Warning (15610): No output dependent on input pin "memBus01[36]"
    Warning (15610): No output dependent on input pin "memBus01[37]"
    Warning (15610): No output dependent on input pin "memBus01[38]"
    Warning (15610): No output dependent on input pin "memBus01[39]"
    Warning (15610): No output dependent on input pin "memBus01[40]"
    Warning (15610): No output dependent on input pin "memBus01[41]"
    Warning (15610): No output dependent on input pin "memBus01[42]"
    Warning (15610): No output dependent on input pin "memBus01[43]"
    Warning (15610): No output dependent on input pin "memBus01[44]"
    Warning (15610): No output dependent on input pin "memBus01[45]"
    Warning (15610): No output dependent on input pin "memBus01[46]"
    Warning (15610): No output dependent on input pin "memBus01[47]"
    Warning (15610): No output dependent on input pin "memBus01[48]"
    Warning (15610): No output dependent on input pin "memBus01[49]"
    Warning (15610): No output dependent on input pin "memBus01[50]"
    Warning (15610): No output dependent on input pin "memBus01[51]"
    Warning (15610): No output dependent on input pin "memBus01[52]"
    Warning (15610): No output dependent on input pin "memBus01[53]"
    Warning (15610): No output dependent on input pin "memBus01[54]"
    Warning (15610): No output dependent on input pin "memBus01[55]"
    Warning (15610): No output dependent on input pin "memBus01[56]"
    Warning (15610): No output dependent on input pin "memBus01[57]"
    Warning (15610): No output dependent on input pin "memBus01[58]"
    Warning (15610): No output dependent on input pin "memBus01[59]"
    Warning (15610): No output dependent on input pin "memBus01[60]"
    Warning (15610): No output dependent on input pin "memBus01[61]"
    Warning (15610): No output dependent on input pin "memBus01[62]"
    Warning (15610): No output dependent on input pin "memBus01[63]"
    Warning (15610): No output dependent on input pin "memBus10[34]"
    Warning (15610): No output dependent on input pin "memBus10[35]"
    Warning (15610): No output dependent on input pin "memBus10[36]"
    Warning (15610): No output dependent on input pin "memBus10[37]"
    Warning (15610): No output dependent on input pin "memBus10[38]"
    Warning (15610): No output dependent on input pin "memBus10[39]"
    Warning (15610): No output dependent on input pin "memBus10[40]"
    Warning (15610): No output dependent on input pin "memBus10[41]"
    Warning (15610): No output dependent on input pin "memBus10[42]"
    Warning (15610): No output dependent on input pin "memBus10[43]"
    Warning (15610): No output dependent on input pin "memBus10[44]"
    Warning (15610): No output dependent on input pin "memBus10[45]"
    Warning (15610): No output dependent on input pin "memBus10[46]"
    Warning (15610): No output dependent on input pin "memBus10[47]"
    Warning (15610): No output dependent on input pin "memBus10[48]"
    Warning (15610): No output dependent on input pin "memBus10[49]"
    Warning (15610): No output dependent on input pin "memBus10[50]"
    Warning (15610): No output dependent on input pin "memBus10[51]"
    Warning (15610): No output dependent on input pin "memBus10[52]"
    Warning (15610): No output dependent on input pin "memBus10[53]"
    Warning (15610): No output dependent on input pin "memBus10[54]"
    Warning (15610): No output dependent on input pin "memBus10[55]"
    Warning (15610): No output dependent on input pin "memBus10[56]"
    Warning (15610): No output dependent on input pin "memBus10[57]"
    Warning (15610): No output dependent on input pin "memBus10[58]"
    Warning (15610): No output dependent on input pin "memBus10[59]"
    Warning (15610): No output dependent on input pin "memBus10[60]"
    Warning (15610): No output dependent on input pin "memBus10[61]"
    Warning (15610): No output dependent on input pin "memBus10[62]"
    Warning (15610): No output dependent on input pin "memBus10[63]"
    Warning (15610): No output dependent on input pin "memBus11[34]"
    Warning (15610): No output dependent on input pin "memBus11[35]"
    Warning (15610): No output dependent on input pin "memBus11[36]"
    Warning (15610): No output dependent on input pin "memBus11[37]"
    Warning (15610): No output dependent on input pin "memBus11[38]"
    Warning (15610): No output dependent on input pin "memBus11[39]"
    Warning (15610): No output dependent on input pin "memBus11[40]"
    Warning (15610): No output dependent on input pin "memBus11[41]"
    Warning (15610): No output dependent on input pin "memBus11[42]"
    Warning (15610): No output dependent on input pin "memBus11[43]"
    Warning (15610): No output dependent on input pin "memBus11[44]"
    Warning (15610): No output dependent on input pin "memBus11[45]"
    Warning (15610): No output dependent on input pin "memBus11[46]"
    Warning (15610): No output dependent on input pin "memBus11[47]"
    Warning (15610): No output dependent on input pin "memBus11[48]"
    Warning (15610): No output dependent on input pin "memBus11[49]"
    Warning (15610): No output dependent on input pin "memBus11[50]"
    Warning (15610): No output dependent on input pin "memBus11[51]"
    Warning (15610): No output dependent on input pin "memBus11[52]"
    Warning (15610): No output dependent on input pin "memBus11[53]"
    Warning (15610): No output dependent on input pin "memBus11[54]"
    Warning (15610): No output dependent on input pin "memBus11[55]"
    Warning (15610): No output dependent on input pin "memBus11[56]"
    Warning (15610): No output dependent on input pin "memBus11[57]"
    Warning (15610): No output dependent on input pin "memBus11[58]"
    Warning (15610): No output dependent on input pin "memBus11[59]"
    Warning (15610): No output dependent on input pin "memBus11[60]"
    Warning (15610): No output dependent on input pin "memBus11[61]"
    Warning (15610): No output dependent on input pin "memBus11[62]"
    Warning (15610): No output dependent on input pin "memBus11[63]"
    Warning (15610): No output dependent on input pin "enable"
Info (21057): Implemented 1904 device resources after synthesis - the final resource count might be different
    Info (21058): Implemented 534 input pins
    Info (21059): Implemented 293 output pins
    Info (21061): Implemented 1077 logic cells
Info: Quartus II 32-bit Analysis & Synthesis was successful. 0 errors, 127 warnings
    Info: Peak virtual memory: 344 megabytes
    Info: Processing ended: Sun May  4 22:44:53 2014
    Info: Elapsed time: 00:00:03
    Info: Total CPU time (on all processors): 00:00:02


+------------------------------------------+
; Analysis & Synthesis Suppressed Messages ;
+------------------------------------------+
The suppressed messages can be found in /afs/ece.cmu.edu/usr/vrkrishn/Private/class/15418/FinalProject/output_files/internal_stage_fixed.map.smsg.


